{"/Users/work/development/mcp-image-extractor/src/image-utils.ts": {"path":"/Users/work/development/mcp-image-extractor/src/image-utils.ts","statementMap":{"0":{"start":{"line":53,"column":0},"end":{"line":53,"column":7}},"1":{"start":{"line":141,"column":0},"end":{"line":141,"column":7}},"2":{"start":{"line":208,"column":0},"end":{"line":208,"column":7}},"3":{"start":{"line":1,"column":0},"end":{"line":1,"column":26}},"4":{"start":{"line":2,"column":0},"end":{"line":2,"column":26}},"5":{"start":{"line":3,"column":0},"end":{"line":3,"column":25}},"6":{"start":{"line":4,"column":0},"end":{"line":4,"column":29}},"7":{"start":{"line":7,"column":23},"end":{"line":7,"column":77}},"8":{"start":{"line":8,"column":24},"end":{"line":8,"column":97}},"9":{"start":{"line":54,"column":2},"end":{"line":137,"column":3}},"10":{"start":{"line":55,"column":51},"end":{"line":55,"column":57}},"11":{"start":{"line":58,"column":4},"end":{"line":63,"column":5}},"12":{"start":{"line":59,"column":6},"end":{"line":62,"column":8}},"13":{"start":{"line":66,"column":4},"end":{"line":79,"column":5}},"14":{"start":{"line":67,"column":21},"end":{"line":67,"column":33}},"15":{"start":{"line":68,"column":21},"end":{"line":68,"column":36}},"16":{"start":{"line":69,"column":24},"end":{"line":70,"column":null}},"17":{"start":{"line":70,"column":8},"end":{"line":70,"column":72}},"18":{"start":{"line":73,"column":6},"end":{"line":78,"column":7}},"19":{"start":{"line":74,"column":8},"end":{"line":77,"column":10}},"20":{"start":{"line":82,"column":21},"end":{"line":85,"column":6}},"21":{"start":{"line":88,"column":22},"end":{"line":88,"column":48}},"22":{"start":{"line":89,"column":19},"end":{"line":89,"column":54}},"23":{"start":{"line":92,"column":4},"end":{"line":106,"column":5}},"24":{"start":{"line":93,"column":6},"end":{"line":105,"column":7}},"25":{"start":{"line":94,"column":8},"end":{"line":101,"column":22}},"26":{"start":{"line":104,"column":8},"end":{"line":104,"column":55}},"27":{"start":{"line":109,"column":19},"end":{"line":109,"column":49}},"28":{"start":{"line":110,"column":21},"end":{"line":110,"column":69}},"29":{"start":{"line":113,"column":4},"end":{"line":130,"column":6}},"30":{"start":{"line":132,"column":4},"end":{"line":132,"column":61}},"31":{"start":{"line":133,"column":4},"end":{"line":136,"column":6}},"32":{"start":{"line":142,"column":2},"end":{"line":204,"column":3}},"33":{"start":{"line":143,"column":65},"end":{"line":143,"column":71}},"34":{"start":{"line":146,"column":22},"end":{"line":146,"column":51}},"35":{"start":{"line":149,"column":4},"end":{"line":154,"column":5}},"36":{"start":{"line":150,"column":6},"end":{"line":153,"column":8}},"37":{"start":{"line":157,"column":19},"end":{"line":157,"column":54}},"38":{"start":{"line":160,"column":4},"end":{"line":174,"column":5}},"39":{"start":{"line":161,"column":6},"end":{"line":173,"column":7}},"40":{"start":{"line":162,"column":8},"end":{"line":169,"column":22}},"41":{"start":{"line":172,"column":8},"end":{"line":172,"column":55}},"42":{"start":{"line":177,"column":28},"end":{"line":177,"column":58}},"43":{"start":{"line":180,"column":4},"end":{"line":197,"column":6}},"44":{"start":{"line":199,"column":4},"end":{"line":199,"column":59}},"45":{"start":{"line":200,"column":4},"end":{"line":203,"column":6}},"46":{"start":{"line":209,"column":2},"end":{"line":236,"column":3}},"47":{"start":{"line":210,"column":41},"end":{"line":210,"column":47}},"48":{"start":{"line":213,"column":27},"end":{"line":213,"column":66}},"49":{"start":{"line":214,"column":4},"end":{"line":216,"column":5}},"50":{"start":{"line":215,"column":6},"end":{"line":215,"column":56}},"51":{"start":{"line":219,"column":22},"end":{"line":219,"column":68}},"52":{"start":{"line":220,"column":26},"end":{"line":220,"column":63}},"53":{"start":{"line":221,"column":21},"end":{"line":221,"column":76}},"54":{"start":{"line":224,"column":24},"end":{"line":224,"column":53}},"55":{"start":{"line":225,"column":4},"end":{"line":225,"column":70}},"56":{"start":{"line":227,"column":4},"end":{"line":229,"column":6}},"57":{"start":{"line":231,"column":4},"end":{"line":231,"column":53}},"58":{"start":{"line":232,"column":4},"end":{"line":235,"column":6}}},"fnMap":{"0":{"name":"extractImageFromUrl","decl":{"start":{"line":53,"column":22},"end":{"line":53,"column":41}},"loc":{"start":{"line":53,"column":75},"end":{"line":138,"column":1}}},"1":{"name":"(anonymous_11)","decl":{"start":{"line":69,"column":45},"end":{"line":69,"column":46}},"loc":{"start":{"line":70,"column":8},"end":{"line":70,"column":72}}},"2":{"name":"extractImageFromBase64","decl":{"start":{"line":141,"column":22},"end":{"line":141,"column":44}},"loc":{"start":{"line":141,"column":81},"end":{"line":205,"column":1}}},"3":{"name":"saveScreenshot","decl":{"start":{"line":208,"column":22},"end":{"line":208,"column":36}},"loc":{"start":{"line":208,"column":65},"end":{"line":237,"column":1}}}},"branchMap":{"0":{"loc":{"start":{"line":7,"column":32},"end":{"line":7,"column":72}},"type":"binary-expr","locations":[{"start":{"line":7,"column":32},"end":{"line":7,"column":58}},{"start":{"line":7,"column":62},"end":{"line":7,"column":72}}]},"1":{"loc":{"start":{"line":8,"column":24},"end":{"line":8,"column":97}},"type":"cond-expr","locations":[{"start":{"line":8,"column":54},"end":{"line":8,"column":92}},{"start":{"line":8,"column":95},"end":{"line":8,"column":97}}]},"2":{"loc":{"start":{"line":58,"column":4},"end":{"line":63,"column":5}},"type":"if","locations":[{"start":{"line":58,"column":4},"end":{"line":63,"column":5}}]},"3":{"loc":{"start":{"line":58,"column":8},"end":{"line":58,"column":65}},"type":"binary-expr","locations":[{"start":{"line":58,"column":8},"end":{"line":58,"column":34}},{"start":{"line":58,"column":38},"end":{"line":58,"column":65}}]},"4":{"loc":{"start":{"line":66,"column":4},"end":{"line":79,"column":5}},"type":"if","locations":[{"start":{"line":66,"column":4},"end":{"line":79,"column":5}}]},"5":{"loc":{"start":{"line":70,"column":8},"end":{"line":70,"column":72}},"type":"binary-expr","locations":[{"start":{"line":70,"column":8},"end":{"line":70,"column":32}},{"start":{"line":70,"column":36},"end":{"line":70,"column":72}}]},"6":{"loc":{"start":{"line":73,"column":6},"end":{"line":78,"column":7}},"type":"if","locations":[{"start":{"line":73,"column":6},"end":{"line":78,"column":7}}]},"7":{"loc":{"start":{"line":92,"column":4},"end":{"line":106,"column":5}},"type":"if","locations":[{"start":{"line":92,"column":4},"end":{"line":106,"column":5}}]},"8":{"loc":{"start":{"line":92,"column":8},"end":{"line":92,"column":51}},"type":"binary-expr","locations":[{"start":{"line":92,"column":8},"end":{"line":92,"column":14}},{"start":{"line":92,"column":18},"end":{"line":92,"column":32}},{"start":{"line":92,"column":36},"end":{"line":92,"column":51}}]},"9":{"loc":{"start":{"line":93,"column":6},"end":{"line":105,"column":7}},"type":"if","locations":[{"start":{"line":93,"column":6},"end":{"line":105,"column":7}}]},"10":{"loc":{"start":{"line":93,"column":10},"end":{"line":93,"column":68}},"type":"binary-expr","locations":[{"start":{"line":93,"column":10},"end":{"line":93,"column":36}},{"start":{"line":93,"column":40},"end":{"line":93,"column":68}}]},"11":{"loc":{"start":{"line":110,"column":21},"end":{"line":110,"column":69}},"type":"binary-expr","locations":[{"start":{"line":110,"column":21},"end":{"line":110,"column":53}},{"start":{"line":110,"column":57},"end":{"line":110,"column":69}}]},"12":{"loc":{"start":{"line":134,"column":48},"end":{"line":134,"column":102}},"type":"cond-expr","locations":[{"start":{"line":134,"column":73},"end":{"line":134,"column":86}},{"start":{"line":134,"column":89},"end":{"line":134,"column":102}}]},"13":{"loc":{"start":{"line":149,"column":4},"end":{"line":154,"column":5}},"type":"if","locations":[{"start":{"line":149,"column":4},"end":{"line":154,"column":5}}]},"14":{"loc":{"start":{"line":160,"column":4},"end":{"line":174,"column":5}},"type":"if","locations":[{"start":{"line":160,"column":4},"end":{"line":174,"column":5}}]},"15":{"loc":{"start":{"line":160,"column":8},"end":{"line":160,"column":51}},"type":"binary-expr","locations":[{"start":{"line":160,"column":8},"end":{"line":160,"column":14}},{"start":{"line":160,"column":18},"end":{"line":160,"column":32}},{"start":{"line":160,"column":36},"end":{"line":160,"column":51}}]},"16":{"loc":{"start":{"line":161,"column":6},"end":{"line":173,"column":7}},"type":"if","locations":[{"start":{"line":161,"column":6},"end":{"line":173,"column":7}}]},"17":{"loc":{"start":{"line":161,"column":10},"end":{"line":161,"column":68}},"type":"binary-expr","locations":[{"start":{"line":161,"column":10},"end":{"line":161,"column":36}},{"start":{"line":161,"column":40},"end":{"line":161,"column":68}}]},"18":{"loc":{"start":{"line":201,"column":48},"end":{"line":201,"column":102}},"type":"cond-expr","locations":[{"start":{"line":201,"column":73},"end":{"line":201,"column":86}},{"start":{"line":201,"column":89},"end":{"line":201,"column":102}}]},"19":{"loc":{"start":{"line":214,"column":4},"end":{"line":216,"column":5}},"type":"if","locations":[{"start":{"line":214,"column":4},"end":{"line":216,"column":5}}]},"20":{"loc":{"start":{"line":220,"column":26},"end":{"line":220,"column":63}},"type":"binary-expr","locations":[{"start":{"line":220,"column":26},"end":{"line":220,"column":34}},{"start":{"line":220,"column":38},"end":{"line":220,"column":63}}]},"21":{"loc":{"start":{"line":233,"column":48},"end":{"line":233,"column":102}},"type":"cond-expr","locations":[{"start":{"line":233,"column":73},"end":{"line":233,"column":86}},{"start":{"line":233,"column":89},"end":{"line":233,"column":102}}]}},"s":{"0":1,"1":1,"2":1,"3":1,"4":1,"5":1,"6":1,"7":1,"8":1,"9":2,"10":2,"11":2,"12":1,"13":1,"14":0,"15":0,"16":0,"17":0,"18":0,"19":0,"20":1,"21":0,"22":0,"23":0,"24":0,"25":0,"26":0,"27":0,"28":0,"29":0,"30":1,"31":1,"32":1,"33":1,"34":1,"35":1,"36":0,"37":1,"38":1,"39":1,"40":0,"41":0,"42":1,"43":1,"44":0,"45":0,"46":1,"47":1,"48":1,"49":1,"50":0,"51":1,"52":1,"53":1,"54":1,"55":0,"56":0,"57":1,"58":1},"f":{"0":2,"1":0,"2":1,"3":1},"b":{"0":[1,1],"1":[0,1],"2":[1],"3":[2,2],"4":[0],"5":[0,0],"6":[0],"7":[0],"8":[0,0,0],"9":[0],"10":[0,0],"11":[0,0],"12":[1,0],"13":[0],"14":[1],"15":[1,1,1],"16":[0],"17":[1,1],"18":[0,0],"19":[0],"20":[1,0],"21":[1,0]}}
}
