{"/Users/aragaoi/git/mcps/mcp-image-extractor/src/image-utils.ts": {"path":"/Users/aragaoi/git/mcps/mcp-image-extractor/src/image-utils.ts","statementMap":{"0":{"start":{"line":136,"column":0},"end":{"line":136,"column":7}},"1":{"start":{"line":255,"column":0},"end":{"line":255,"column":7}},"2":{"start":{"line":358,"column":0},"end":{"line":358,"column":7}},"3":{"start":{"line":492,"column":0},"end":{"line":492,"column":7}},"4":{"start":{"line":1,"column":0},"end":{"line":1,"column":26}},"5":{"start":{"line":2,"column":0},"end":{"line":2,"column":26}},"6":{"start":{"line":3,"column":0},"end":{"line":3,"column":25}},"7":{"start":{"line":4,"column":0},"end":{"line":4,"column":29}},"8":{"start":{"line":8,"column":23},"end":{"line":8,"column":77}},"9":{"start":{"line":9,"column":24},"end":{"line":11,"column":6}},"10":{"start":{"line":14,"column":26},"end":{"line":14,"column":29}},"11":{"start":{"line":15,"column":27},"end":{"line":15,"column":30}},"12":{"start":{"line":28,"column":61},"end":{"line":37,"column":2}},"13":{"start":{"line":104,"column":24},"end":{"line":104,"column":42}},"14":{"start":{"line":105,"column":17},"end":{"line":105,"column":59}},"15":{"start":{"line":108,"column":2},"end":{"line":129,"column":3}},"16":{"start":{"line":109,"column":20},"end":{"line":109,"column":47}},"17":{"start":{"line":112,"column":4},"end":{"line":128,"column":5}},"18":{"start":{"line":115,"column":8},"end":{"line":115,"column":67}},"19":{"start":{"line":117,"column":8},"end":{"line":117,"column":66}},"20":{"start":{"line":119,"column":8},"end":{"line":119,"column":67}},"21":{"start":{"line":121,"column":8},"end":{"line":121,"column":67}},"22":{"start":{"line":123,"column":8},"end":{"line":123,"column":67}},"23":{"start":{"line":127,"column":8},"end":{"line":127,"column":46}},"24":{"start":{"line":132,"column":2},"end":{"line":132,"column":78}},"25":{"start":{"line":137,"column":2},"end":{"line":251,"column":3}},"26":{"start":{"line":138,"column":57},"end":{"line":138,"column":63}},"27":{"start":{"line":141,"column":4},"end":{"line":146,"column":5}},"28":{"start":{"line":142,"column":6},"end":{"line":145,"column":8}},"29":{"start":{"line":149,"column":22},"end":{"line":149,"column":48}},"30":{"start":{"line":152,"column":4},"end":{"line":157,"column":5}},"31":{"start":{"line":153,"column":6},"end":{"line":156,"column":8}},"32":{"start":{"line":160,"column":19},"end":{"line":160,"column":54}},"33":{"start":{"line":164,"column":4},"end":{"line":183,"column":5}},"34":{"start":{"line":166,"column":26},"end":{"line":166,"column":69}},"35":{"start":{"line":167,"column":27},"end":{"line":167,"column":72}},"36":{"start":{"line":170,"column":6},"end":{"line":182,"column":7}},"37":{"start":{"line":171,"column":8},"end":{"line":178,"column":22}},"38":{"start":{"line":181,"column":8},"end":{"line":181,"column":55}},"39":{"start":{"line":186,"column":20},"end":{"line":186,"column":57}},"40":{"start":{"line":187,"column":19},"end":{"line":187,"column":31}},"41":{"start":{"line":188,"column":17},"end":{"line":188,"column":23}},"42":{"start":{"line":190,"column":4},"end":{"line":213,"column":5}},"43":{"start":{"line":191,"column":6},"end":{"line":191,"column":29}},"44":{"start":{"line":192,"column":6},"end":{"line":192,"column":21}},"45":{"start":{"line":194,"column":9},"end":{"line":213,"column":5}},"46":{"start":{"line":195,"column":6},"end":{"line":195,"column":30}},"47":{"start":{"line":196,"column":6},"end":{"line":196,"column":22}},"48":{"start":{"line":198,"column":9},"end":{"line":213,"column":5}},"49":{"start":{"line":199,"column":6},"end":{"line":199,"column":29}},"50":{"start":{"line":200,"column":6},"end":{"line":200,"column":21}},"51":{"start":{"line":202,"column":9},"end":{"line":213,"column":5}},"52":{"start":{"line":203,"column":6},"end":{"line":203,"column":30}},"53":{"start":{"line":204,"column":6},"end":{"line":204,"column":22}},"54":{"start":{"line":206,"column":9},"end":{"line":213,"column":5}},"55":{"start":{"line":207,"column":6},"end":{"line":207,"column":33}},"56":{"start":{"line":208,"column":6},"end":{"line":208,"column":21}},"57":{"start":{"line":210,"column":9},"end":{"line":213,"column":5}},"58":{"start":{"line":211,"column":6},"end":{"line":211,"column":30}},"59":{"start":{"line":212,"column":6},"end":{"line":212,"column":22}},"60":{"start":{"line":216,"column":4},"end":{"line":221,"column":5}},"61":{"start":{"line":217,"column":6},"end":{"line":217,"column":61}},"62":{"start":{"line":219,"column":6},"end":{"line":219,"column":83}},"63":{"start":{"line":224,"column":19},"end":{"line":224,"column":49}},"64":{"start":{"line":227,"column":4},"end":{"line":244,"column":6}},"65":{"start":{"line":246,"column":4},"end":{"line":246,"column":57}},"66":{"start":{"line":247,"column":4},"end":{"line":250,"column":6}},"67":{"start":{"line":256,"column":2},"end":{"line":354,"column":3}},"68":{"start":{"line":257,"column":51},"end":{"line":257,"column":57}},"69":{"start":{"line":260,"column":4},"end":{"line":265,"column":5}},"70":{"start":{"line":261,"column":6},"end":{"line":264,"column":8}},"71":{"start":{"line":268,"column":4},"end":{"line":281,"column":5}},"72":{"start":{"line":269,"column":21},"end":{"line":269,"column":33}},"73":{"start":{"line":270,"column":21},"end":{"line":270,"column":36}},"74":{"start":{"line":271,"column":24},"end":{"line":272,"column":null}},"75":{"start":{"line":272,"column":8},"end":{"line":272,"column":72}},"76":{"start":{"line":275,"column":6},"end":{"line":280,"column":7}},"77":{"start":{"line":276,"column":8},"end":{"line":279,"column":10}},"78":{"start":{"line":284,"column":21},"end":{"line":287,"column":6}},"79":{"start":{"line":290,"column":22},"end":{"line":290,"column":48}},"80":{"start":{"line":291,"column":19},"end":{"line":291,"column":54}},"81":{"start":{"line":295,"column":4},"end":{"line":314,"column":5}},"82":{"start":{"line":297,"column":26},"end":{"line":297,"column":69}},"83":{"start":{"line":298,"column":27},"end":{"line":298,"column":72}},"84":{"start":{"line":301,"column":6},"end":{"line":313,"column":7}},"85":{"start":{"line":302,"column":8},"end":{"line":309,"column":22}},"86":{"start":{"line":312,"column":8},"end":{"line":312,"column":55}},"87":{"start":{"line":317,"column":4},"end":{"line":323,"column":5}},"88":{"start":{"line":318,"column":21},"end":{"line":318,"column":46}},"89":{"start":{"line":319,"column":6},"end":{"line":319,"column":61}},"90":{"start":{"line":321,"column":6},"end":{"line":321,"column":83}},"91":{"start":{"line":326,"column":19},"end":{"line":326,"column":49}},"92":{"start":{"line":327,"column":21},"end":{"line":327,"column":69}},"93":{"start":{"line":330,"column":4},"end":{"line":347,"column":6}},"94":{"start":{"line":349,"column":4},"end":{"line":349,"column":61}},"95":{"start":{"line":350,"column":4},"end":{"line":353,"column":6}},"96":{"start":{"line":361,"column":2},"end":{"line":488,"column":3}},"97":{"start":{"line":362,"column":65},"end":{"line":362,"column":71}},"98":{"start":{"line":366,"column":4},"end":{"line":385,"column":5}},"99":{"start":{"line":367,"column":6},"end":{"line":367,"column":50}},"100":{"start":{"line":370,"column":6},"end":{"line":372,"column":7}},"101":{"start":{"line":371,"column":8},"end":{"line":371,"column":75}},"102":{"start":{"line":374,"column":6},"end":{"line":384,"column":8}},"103":{"start":{"line":388,"column":4},"end":{"line":398,"column":5}},"104":{"start":{"line":389,"column":6},"end":{"line":397,"column":8}},"105":{"start":{"line":402,"column":4},"end":{"line":416,"column":5}},"106":{"start":{"line":403,"column":6},"end":{"line":403,"column":53}},"107":{"start":{"line":405,"column":6},"end":{"line":415,"column":8}},"108":{"start":{"line":420,"column":4},"end":{"line":439,"column":5}},"109":{"start":{"line":422,"column":26},"end":{"line":422,"column":69}},"110":{"start":{"line":423,"column":27},"end":{"line":423,"column":72}},"111":{"start":{"line":426,"column":6},"end":{"line":438,"column":7}},"112":{"start":{"line":427,"column":8},"end":{"line":434,"column":22}},"113":{"start":{"line":437,"column":8},"end":{"line":437,"column":55}},"114":{"start":{"line":442,"column":4},"end":{"line":451,"column":5}},"115":{"start":{"line":443,"column":21},"end":{"line":443,"column":73}},"116":{"start":{"line":444,"column":6},"end":{"line":444,"column":61}},"117":{"start":{"line":446,"column":6},"end":{"line":449,"column":8}},"118":{"start":{"line":454,"column":28},"end":{"line":454,"column":58}},"119":{"start":{"line":457,"column":4},"end":{"line":474,"column":6}},"120":{"start":{"line":476,"column":4},"end":{"line":476,"column":59}},"121":{"start":{"line":477,"column":4},"end":{"line":487,"column":6}},"122":{"start":{"line":496,"column":2},"end":{"line":663,"column":3}},"123":{"start":{"line":509,"column":8},"end":{"line":509,"column":14}},"124":{"start":{"line":512,"column":4},"end":{"line":522,"column":5}},"125":{"start":{"line":513,"column":6},"end":{"line":521,"column":8}},"126":{"start":{"line":525,"column":4},"end":{"line":544,"column":5}},"127":{"start":{"line":526,"column":21},"end":{"line":526,"column":33}},"128":{"start":{"line":527,"column":21},"end":{"line":527,"column":36}},"129":{"start":{"line":528,"column":24},"end":{"line":530,"column":null}},"130":{"start":{"line":530,"column":10},"end":{"line":530,"column":74}},"131":{"start":{"line":533,"column":6},"end":{"line":543,"column":7}},"132":{"start":{"line":534,"column":8},"end":{"line":542,"column":10}},"133":{"start":{"line":547,"column":22},"end":{"line":547,"column":47}},"134":{"start":{"line":548,"column":4},"end":{"line":551,"column":7}},"135":{"start":{"line":553,"column":17},"end":{"line":553,"column":40}},"136":{"start":{"line":556,"column":4},"end":{"line":559,"column":7}},"137":{"start":{"line":562,"column":4},"end":{"line":562,"column":56}},"138":{"start":{"line":565,"column":4},"end":{"line":567,"column":5}},"139":{"start":{"line":566,"column":6},"end":{"line":566,"column":73}},"140":{"start":{"line":566,"column":37},"end":{"line":566,"column":71}},"141":{"start":{"line":570,"column":4},"end":{"line":578,"column":5}},"142":{"start":{"line":571,"column":6},"end":{"line":577,"column":7}},"143":{"start":{"line":572,"column":8},"end":{"line":572,"column":74}},"144":{"start":{"line":574,"column":8},"end":{"line":576,"column":10}},"145":{"start":{"line":581,"column":4},"end":{"line":596,"column":5}},"146":{"start":{"line":582,"column":6},"end":{"line":595,"column":7}},"147":{"start":{"line":583,"column":8},"end":{"line":583,"column":71}},"148":{"start":{"line":584,"column":8},"end":{"line":584,"column":41}},"149":{"start":{"line":587,"column":8},"end":{"line":589,"column":9}},"150":{"start":{"line":588,"column":10},"end":{"line":588,"column":80}},"151":{"start":{"line":588,"column":41},"end":{"line":588,"column":78}},"152":{"start":{"line":591,"column":8},"end":{"line":594,"column":10}},"153":{"start":{"line":599,"column":29},"end":{"line":602,"column":6}},"154":{"start":{"line":604,"column":22},"end":{"line":604,"column":38}},"155":{"start":{"line":605,"column":19},"end":{"line":605,"column":54}},"156":{"start":{"line":611,"column":4},"end":{"line":618,"column":5}},"157":{"start":{"line":612,"column":6},"end":{"line":612,"column":60}},"158":{"start":{"line":614,"column":6},"end":{"line":617,"column":8}},"159":{"start":{"line":621,"column":19},"end":{"line":621,"column":49}},"160":{"start":{"line":623,"column":4},"end":{"line":645,"column":6}},"161":{"start":{"line":647,"column":4},"end":{"line":647,"column":53}},"162":{"start":{"line":648,"column":4},"end":{"line":658,"column":6}},"163":{"start":{"line":660,"column":4},"end":{"line":662,"column":5}},"164":{"start":{"line":661,"column":6},"end":{"line":661,"column":28}}},"fnMap":{"0":{"name":"compressImage","decl":{"start":{"line":103,"column":15},"end":{"line":103,"column":28}},"loc":{"start":{"line":103,"column":67},"end":{"line":133,"column":1}}},"1":{"name":"extractImageFromFile","decl":{"start":{"line":136,"column":22},"end":{"line":136,"column":42}},"loc":{"start":{"line":136,"column":77},"end":{"line":252,"column":1}}},"2":{"name":"extractImageFromUrl","decl":{"start":{"line":255,"column":22},"end":{"line":255,"column":41}},"loc":{"start":{"line":255,"column":75},"end":{"line":355,"column":1}}},"3":{"name":"(anonymous_13)","decl":{"start":{"line":271,"column":45},"end":{"line":271,"column":46}},"loc":{"start":{"line":272,"column":8},"end":{"line":272,"column":72}}},"4":{"name":"extractImageFromBase64","decl":{"start":{"line":358,"column":22},"end":{"line":358,"column":44}},"loc":{"start":{"line":359,"column":38},"end":{"line":489,"column":1}}},"5":{"name":"extractScreenshotFromUrl","decl":{"start":{"line":492,"column":22},"end":{"line":492,"column":46}},"loc":{"start":{"line":493,"column":40},"end":{"line":664,"column":1}}},"6":{"name":"(anonymous_16)","decl":{"start":{"line":529,"column":8},"end":{"line":529,"column":9}},"loc":{"start":{"line":530,"column":10},"end":{"line":530,"column":74}}},"7":{"name":"(anonymous_17)","decl":{"start":{"line":547,"column":22},"end":{"line":547,"column":35}},"loc":{"start":{"line":547,"column":22},"end":{"line":547,"column":47}}},"8":{"name":"(anonymous_18)","decl":{"start":{"line":566,"column":24},"end":{"line":566,"column":25}},"loc":{"start":{"line":566,"column":37},"end":{"line":566,"column":71}}},"9":{"name":"(anonymous_19)","decl":{"start":{"line":588,"column":28},"end":{"line":588,"column":29}},"loc":{"start":{"line":588,"column":41},"end":{"line":588,"column":78}}}},"branchMap":{"0":{"loc":{"start":{"line":8,"column":32},"end":{"line":8,"column":72}},"type":"binary-expr","locations":[{"start":{"line":8,"column":32},"end":{"line":8,"column":58}},{"start":{"line":8,"column":62},"end":{"line":8,"column":72}}]},"1":{"loc":{"start":{"line":9,"column":24},"end":{"line":11,"column":6}},"type":"cond-expr","locations":[{"start":{"line":10,"column":4},"end":{"line":10,"column":42}},{"start":{"line":11,"column":4},"end":{"line":11,"column":6}}]},"2":{"loc":{"start":{"line":108,"column":2},"end":{"line":129,"column":3}},"type":"if","locations":[{"start":{"line":108,"column":2},"end":{"line":129,"column":3}}]},"3":{"loc":{"start":{"line":112,"column":4},"end":{"line":128,"column":5}},"type":"switch","locations":[{"start":{"line":113,"column":6},"end":{"line":113,"column":18}},{"start":{"line":114,"column":6},"end":{"line":115,"column":67}},{"start":{"line":116,"column":6},"end":{"line":117,"column":66}},{"start":{"line":118,"column":6},"end":{"line":119,"column":67}},{"start":{"line":120,"column":6},"end":{"line":121,"column":67}},{"start":{"line":122,"column":6},"end":{"line":123,"column":67}},{"start":{"line":125,"column":6},"end":{"line":125,"column":17}},{"start":{"line":126,"column":6},"end":{"line":127,"column":46}}]},"4":{"loc":{"start":{"line":141,"column":4},"end":{"line":146,"column":5}},"type":"if","locations":[{"start":{"line":141,"column":4},"end":{"line":146,"column":5}}]},"5":{"loc":{"start":{"line":152,"column":4},"end":{"line":157,"column":5}},"type":"if","locations":[{"start":{"line":152,"column":4},"end":{"line":157,"column":5}}]},"6":{"loc":{"start":{"line":164,"column":4},"end":{"line":183,"column":5}},"type":"if","locations":[{"start":{"line":164,"column":4},"end":{"line":183,"column":5}}]},"7":{"loc":{"start":{"line":164,"column":8},"end":{"line":164,"column":41}},"type":"binary-expr","locations":[{"start":{"line":164,"column":8},"end":{"line":164,"column":22}},{"start":{"line":164,"column":26},"end":{"line":164,"column":41}}]},"8":{"loc":{"start":{"line":170,"column":6},"end":{"line":182,"column":7}},"type":"if","locations":[{"start":{"line":170,"column":6},"end":{"line":182,"column":7}}]},"9":{"loc":{"start":{"line":170,"column":10},"end":{"line":170,"column":72}},"type":"binary-expr","locations":[{"start":{"line":170,"column":10},"end":{"line":170,"column":38}},{"start":{"line":170,"column":42},"end":{"line":170,"column":72}}]},"10":{"loc":{"start":{"line":190,"column":4},"end":{"line":213,"column":5}},"type":"if","locations":[{"start":{"line":190,"column":4},"end":{"line":213,"column":5}},{"start":{"line":194,"column":9},"end":{"line":213,"column":5}}]},"11":{"loc":{"start":{"line":194,"column":9},"end":{"line":213,"column":5}},"type":"if","locations":[{"start":{"line":194,"column":9},"end":{"line":213,"column":5}},{"start":{"line":198,"column":9},"end":{"line":213,"column":5}}]},"12":{"loc":{"start":{"line":194,"column":13},"end":{"line":194,"column":54}},"type":"binary-expr","locations":[{"start":{"line":194,"column":13},"end":{"line":194,"column":31}},{"start":{"line":194,"column":35},"end":{"line":194,"column":54}}]},"13":{"loc":{"start":{"line":198,"column":9},"end":{"line":213,"column":5}},"type":"if","locations":[{"start":{"line":198,"column":9},"end":{"line":213,"column":5}},{"start":{"line":202,"column":9},"end":{"line":213,"column":5}}]},"14":{"loc":{"start":{"line":202,"column":9},"end":{"line":213,"column":5}},"type":"if","locations":[{"start":{"line":202,"column":9},"end":{"line":213,"column":5}},{"start":{"line":206,"column":9},"end":{"line":213,"column":5}}]},"15":{"loc":{"start":{"line":206,"column":9},"end":{"line":213,"column":5}},"type":"if","locations":[{"start":{"line":206,"column":9},"end":{"line":213,"column":5}},{"start":{"line":210,"column":9},"end":{"line":213,"column":5}}]},"16":{"loc":{"start":{"line":210,"column":9},"end":{"line":213,"column":5}},"type":"if","locations":[{"start":{"line":210,"column":9},"end":{"line":213,"column":5}}]},"17":{"loc":{"start":{"line":248,"column":48},"end":{"line":248,"column":102}},"type":"cond-expr","locations":[{"start":{"line":248,"column":73},"end":{"line":248,"column":86}},{"start":{"line":248,"column":89},"end":{"line":248,"column":102}}]},"18":{"loc":{"start":{"line":260,"column":4},"end":{"line":265,"column":5}},"type":"if","locations":[{"start":{"line":260,"column":4},"end":{"line":265,"column":5}}]},"19":{"loc":{"start":{"line":260,"column":8},"end":{"line":260,"column":65}},"type":"binary-expr","locations":[{"start":{"line":260,"column":8},"end":{"line":260,"column":34}},{"start":{"line":260,"column":38},"end":{"line":260,"column":65}}]},"20":{"loc":{"start":{"line":268,"column":4},"end":{"line":281,"column":5}},"type":"if","locations":[{"start":{"line":268,"column":4},"end":{"line":281,"column":5}}]},"21":{"loc":{"start":{"line":272,"column":8},"end":{"line":272,"column":72}},"type":"binary-expr","locations":[{"start":{"line":272,"column":8},"end":{"line":272,"column":32}},{"start":{"line":272,"column":36},"end":{"line":272,"column":72}}]},"22":{"loc":{"start":{"line":275,"column":6},"end":{"line":280,"column":7}},"type":"if","locations":[{"start":{"line":275,"column":6},"end":{"line":280,"column":7}}]},"23":{"loc":{"start":{"line":295,"column":4},"end":{"line":314,"column":5}},"type":"if","locations":[{"start":{"line":295,"column":4},"end":{"line":314,"column":5}}]},"24":{"loc":{"start":{"line":295,"column":8},"end":{"line":295,"column":41}},"type":"binary-expr","locations":[{"start":{"line":295,"column":8},"end":{"line":295,"column":22}},{"start":{"line":295,"column":26},"end":{"line":295,"column":41}}]},"25":{"loc":{"start":{"line":301,"column":6},"end":{"line":313,"column":7}},"type":"if","locations":[{"start":{"line":301,"column":6},"end":{"line":313,"column":7}}]},"26":{"loc":{"start":{"line":301,"column":10},"end":{"line":301,"column":72}},"type":"binary-expr","locations":[{"start":{"line":301,"column":10},"end":{"line":301,"column":38}},{"start":{"line":301,"column":42},"end":{"line":301,"column":72}}]},"27":{"loc":{"start":{"line":318,"column":21},"end":{"line":318,"column":46}},"type":"binary-expr","locations":[{"start":{"line":318,"column":21},"end":{"line":318,"column":36}},{"start":{"line":318,"column":40},"end":{"line":318,"column":46}}]},"28":{"loc":{"start":{"line":327,"column":21},"end":{"line":327,"column":69}},"type":"binary-expr","locations":[{"start":{"line":327,"column":21},"end":{"line":327,"column":53}},{"start":{"line":327,"column":57},"end":{"line":327,"column":69}}]},"29":{"loc":{"start":{"line":351,"column":48},"end":{"line":351,"column":102}},"type":"cond-expr","locations":[{"start":{"line":351,"column":73},"end":{"line":351,"column":86}},{"start":{"line":351,"column":89},"end":{"line":351,"column":102}}]},"30":{"loc":{"start":{"line":370,"column":6},"end":{"line":372,"column":7}},"type":"if","locations":[{"start":{"line":370,"column":6},"end":{"line":372,"column":7}}]},"31":{"loc":{"start":{"line":379,"column":14},"end":{"line":379,"column":null}},"type":"cond-expr","locations":[{"start":{"line":379,"column":35},"end":{"line":379,"column":44}},{"start":{"line":379,"column":47},"end":{"line":379,"column":null}}]},"32":{"loc":{"start":{"line":388,"column":4},"end":{"line":398,"column":5}},"type":"if","locations":[{"start":{"line":388,"column":4},"end":{"line":398,"column":5}}]},"33":{"loc":{"start":{"line":410,"column":14},"end":{"line":410,"column":null}},"type":"cond-expr","locations":[{"start":{"line":410,"column":35},"end":{"line":410,"column":44}},{"start":{"line":410,"column":47},"end":{"line":410,"column":null}}]},"34":{"loc":{"start":{"line":420,"column":4},"end":{"line":439,"column":5}},"type":"if","locations":[{"start":{"line":420,"column":4},"end":{"line":439,"column":5}}]},"35":{"loc":{"start":{"line":420,"column":8},"end":{"line":420,"column":41}},"type":"binary-expr","locations":[{"start":{"line":420,"column":8},"end":{"line":420,"column":22}},{"start":{"line":420,"column":26},"end":{"line":420,"column":41}}]},"36":{"loc":{"start":{"line":426,"column":6},"end":{"line":438,"column":7}},"type":"if","locations":[{"start":{"line":426,"column":6},"end":{"line":438,"column":7}}]},"37":{"loc":{"start":{"line":426,"column":10},"end":{"line":426,"column":72}},"type":"binary-expr","locations":[{"start":{"line":426,"column":10},"end":{"line":426,"column":38}},{"start":{"line":426,"column":42},"end":{"line":426,"column":72}}]},"38":{"loc":{"start":{"line":443,"column":21},"end":{"line":443,"column":73}},"type":"binary-expr","locations":[{"start":{"line":443,"column":21},"end":{"line":443,"column":36}},{"start":{"line":443,"column":40},"end":{"line":443,"column":63}},{"start":{"line":443,"column":67},"end":{"line":443,"column":73}}]},"39":{"loc":{"start":{"line":482,"column":12},"end":{"line":482,"column":null}},"type":"cond-expr","locations":[{"start":{"line":482,"column":37},"end":{"line":482,"column":50}},{"start":{"line":482,"column":53},"end":{"line":482,"column":null}}]},"40":{"loc":{"start":{"line":512,"column":4},"end":{"line":522,"column":5}},"type":"if","locations":[{"start":{"line":512,"column":4},"end":{"line":522,"column":5}}]},"41":{"loc":{"start":{"line":512,"column":8},"end":{"line":512,"column":65}},"type":"binary-expr","locations":[{"start":{"line":512,"column":8},"end":{"line":512,"column":34}},{"start":{"line":512,"column":38},"end":{"line":512,"column":65}}]},"42":{"loc":{"start":{"line":525,"column":4},"end":{"line":544,"column":5}},"type":"if","locations":[{"start":{"line":525,"column":4},"end":{"line":544,"column":5}}]},"43":{"loc":{"start":{"line":530,"column":10},"end":{"line":530,"column":74}},"type":"binary-expr","locations":[{"start":{"line":530,"column":10},"end":{"line":530,"column":34}},{"start":{"line":530,"column":38},"end":{"line":530,"column":74}}]},"44":{"loc":{"start":{"line":533,"column":6},"end":{"line":543,"column":7}},"type":"if","locations":[{"start":{"line":533,"column":6},"end":{"line":543,"column":7}}]},"45":{"loc":{"start":{"line":565,"column":4},"end":{"line":567,"column":5}},"type":"if","locations":[{"start":{"line":565,"column":4},"end":{"line":567,"column":5}}]},"46":{"loc":{"start":{"line":570,"column":4},"end":{"line":578,"column":5}},"type":"if","locations":[{"start":{"line":570,"column":4},"end":{"line":578,"column":5}}]},"47":{"loc":{"start":{"line":581,"column":4},"end":{"line":596,"column":5}},"type":"if","locations":[{"start":{"line":581,"column":4},"end":{"line":596,"column":5}}]},"48":{"loc":{"start":{"line":587,"column":8},"end":{"line":589,"column":9}},"type":"if","locations":[{"start":{"line":587,"column":8},"end":{"line":589,"column":9}}]},"49":{"loc":{"start":{"line":631,"column":28},"end":{"line":631,"column":50}},"type":"binary-expr","locations":[{"start":{"line":631,"column":28},"end":{"line":631,"column":42}},{"start":{"line":631,"column":46},"end":{"line":631,"column":50}}]},"50":{"loc":{"start":{"line":653,"column":12},"end":{"line":653,"column":null}},"type":"cond-expr","locations":[{"start":{"line":653,"column":37},"end":{"line":653,"column":50}},{"start":{"line":653,"column":53},"end":{"line":653,"column":null}}]},"51":{"loc":{"start":{"line":660,"column":4},"end":{"line":662,"column":5}},"type":"if","locations":[{"start":{"line":660,"column":4},"end":{"line":662,"column":5}}]}},"s":{"0":1,"1":1,"2":1,"3":1,"4":1,"5":1,"6":1,"7":1,"8":1,"9":1,"10":1,"11":1,"12":1,"13":12,"14":12,"15":12,"16":12,"17":12,"18":0,"19":12,"20":0,"21":0,"22":0,"23":0,"24":0,"25":0,"26":0,"27":0,"28":0,"29":0,"30":0,"31":0,"32":0,"33":0,"34":0,"35":0,"36":0,"37":0,"38":0,"39":0,"40":0,"41":0,"42":0,"43":0,"44":0,"45":0,"46":0,"47":0,"48":0,"49":0,"50":0,"51":0,"52":0,"53":0,"54":0,"55":0,"56":0,"57":0,"58":0,"59":0,"60":0,"61":0,"62":0,"63":0,"64":0,"65":0,"66":0,"67":0,"68":0,"69":0,"70":0,"71":0,"72":0,"73":0,"74":0,"75":0,"76":0,"77":0,"78":0,"79":0,"80":0,"81":0,"82":0,"83":0,"84":0,"85":0,"86":0,"87":0,"88":0,"89":0,"90":0,"91":0,"92":0,"93":0,"94":0,"95":0,"96":0,"97":0,"98":0,"99":0,"100":0,"101":0,"102":0,"103":0,"104":0,"105":0,"106":0,"107":0,"108":0,"109":0,"110":0,"111":0,"112":0,"113":0,"114":0,"115":0,"116":0,"117":0,"118":0,"119":0,"120":0,"121":0,"122":12,"123":12,"124":12,"125":0,"126":12,"127":0,"128":0,"129":0,"130":0,"131":0,"132":0,"133":24,"134":12,"135":12,"136":12,"137":12,"138":12,"139":12,"140":12,"141":12,"142":0,"143":0,"144":0,"145":12,"146":2,"147":2,"148":2,"149":2,"150":2,"151":2,"152":0,"153":12,"154":12,"155":12,"156":12,"157":12,"158":12,"159":12,"160":12,"161":0,"162":0,"163":12,"164":12},"f":{"0":12,"1":0,"2":0,"3":0,"4":0,"5":12,"6":0,"7":12,"8":12,"9":2},"b":{"0":[1,1],"1":[0,1],"2":[12],"3":[0,0,12,0,0,0,0,0],"4":[0],"5":[0],"6":[0],"7":[0,0],"8":[0],"9":[0,0],"10":[0,0],"11":[0,0],"12":[0,0],"13":[0,0],"14":[0,0],"15":[0,0],"16":[0],"17":[0,0],"18":[0],"19":[0,0],"20":[0],"21":[0,0],"22":[0],"23":[0],"24":[0,0],"25":[0],"26":[0,0],"27":[0,0],"28":[0,0],"29":[0,0],"30":[0],"31":[0,0],"32":[0],"33":[0,0],"34":[0],"35":[0,0],"36":[0],"37":[0,0],"38":[0,0,0],"39":[0,0],"40":[0],"41":[12,12],"42":[0],"43":[0,0],"44":[0],"45":[12],"46":[0],"47":[2],"48":[2],"49":[12,10],"50":[0,0],"51":[12]}}
}
