TN:
SF:src/image-utils.ts
FN:78,compressImage
FN:111,extractImageFromFile
FN:230,extractImageFromUrl
FN:246,(anonymous_13)
FN:333,extractImageFromBase64
FNF:5
FNH:4
FNDA:4,compressImage
FNDA:3,extractImageFromFile
FNDA:2,extractImageFromUrl
FNDA:0,(anonymous_13)
FNDA:2,extractImageFromBase64
DA:1,3
DA:2,3
DA:3,3
DA:4,3
DA:7,3
DA:8,3
DA:11,3
DA:12,3
DA:17,3
DA:79,4
DA:80,4
DA:83,4
DA:84,4
DA:87,4
DA:90,2
DA:92,2
DA:94,0
DA:96,0
DA:98,0
DA:102,0
DA:107,0
DA:111,3
DA:112,3
DA:113,3
DA:116,3
DA:117,0
DA:124,3
DA:127,3
DA:128,0
DA:135,3
DA:139,3
DA:141,3
DA:142,3
DA:145,3
DA:146,3
DA:156,3
DA:161,3
DA:162,3
DA:163,3
DA:165,3
DA:166,1
DA:167,1
DA:169,2
DA:170,1
DA:171,1
DA:173,1
DA:174,0
DA:175,0
DA:177,1
DA:178,0
DA:179,0
DA:181,1
DA:182,0
DA:183,0
DA:185,1
DA:186,0
DA:187,0
DA:191,3
DA:192,3
DA:194,1
DA:199,3
DA:202,3
DA:221,0
DA:222,0
DA:230,3
DA:231,2
DA:232,2
DA:235,2
DA:236,1
DA:243,1
DA:244,0
DA:245,0
DA:246,0
DA:247,0
DA:250,0
DA:251,0
DA:259,1
DA:265,0
DA:266,0
DA:270,0
DA:272,0
DA:273,0
DA:276,0
DA:277,0
DA:287,0
DA:292,0
DA:293,0
DA:294,0
DA:296,0
DA:301,0
DA:302,0
DA:305,0
DA:324,1
DA:325,1
DA:333,3
DA:334,2
DA:335,2
DA:339,2
DA:340,2
DA:343,1
DA:344,0
DA:347,1
DA:354,1
DA:355,0
DA:363,1
DA:364,1
DA:366,0
DA:374,1
DA:376,1
DA:377,1
DA:380,1
DA:381,1
DA:391,1
DA:396,1
DA:397,1
DA:398,1
DA:400,1
DA:405,1
DA:408,1
DA:427,0
DA:428,0
LF:121
LH:78
BRDA:7,0,0,3
BRDA:7,0,1,3
BRDA:8,1,0,0
BRDA:8,1,1,3
BRDA:83,2,0,4
BRDA:87,3,0,2
BRDA:87,3,1,2
BRDA:87,3,2,2
BRDA:87,3,3,0
BRDA:87,3,4,0
BRDA:87,3,5,0
BRDA:87,3,6,0
BRDA:87,3,7,0
BRDA:116,4,0,0
BRDA:127,5,0,0
BRDA:139,6,0,3
BRDA:139,7,0,3
BRDA:139,7,1,3
BRDA:145,8,0,3
BRDA:145,9,0,3
BRDA:145,9,1,0
BRDA:165,10,0,1
BRDA:165,10,1,2
BRDA:169,11,0,1
BRDA:169,11,1,1
BRDA:169,12,0,2
BRDA:169,12,1,1
BRDA:173,13,0,0
BRDA:173,13,1,1
BRDA:177,14,0,0
BRDA:177,14,1,1
BRDA:181,15,0,0
BRDA:181,15,1,1
BRDA:185,16,0,0
BRDA:223,17,0,0
BRDA:223,17,1,0
BRDA:235,18,0,1
BRDA:235,19,0,2
BRDA:235,19,1,2
BRDA:243,20,0,0
BRDA:247,21,0,0
BRDA:247,21,1,0
BRDA:250,22,0,0
BRDA:270,23,0,0
BRDA:270,24,0,0
BRDA:270,24,1,0
BRDA:276,25,0,0
BRDA:276,26,0,0
BRDA:276,26,1,0
BRDA:293,27,0,0
BRDA:293,27,1,0
BRDA:302,28,0,0
BRDA:302,28,1,0
BRDA:326,29,0,1
BRDA:326,29,1,0
BRDA:343,30,0,0
BRDA:348,31,0,1
BRDA:348,31,1,0
BRDA:354,32,0,0
BRDA:367,33,0,0
BRDA:367,33,1,0
BRDA:374,34,0,1
BRDA:374,35,0,1
BRDA:374,35,1,1
BRDA:380,36,0,1
BRDA:380,37,0,1
BRDA:380,37,1,0
BRDA:397,38,0,1
BRDA:397,38,1,1
BRDA:397,38,2,0
BRDA:429,39,0,0
BRDA:429,39,1,0
BRF:72
BRH:33
end_of_record
