TN:
SF:src/image-utils.ts
FN:103,compressImage
FN:136,extractImageFromFile
FN:255,extractImageFromUrl
FN:271,(anonymous_13)
FN:358,extractImageFromBase64
FN:492,extractScreenshotFromUrl
FN:529,(anonymous_16)
FN:547,(anonymous_17)
FN:566,(anonymous_18)
FN:588,(anonymous_19)
FNF:10
FNH:5
FNDA:12,compressImage
FNDA:0,extractImageFromFile
FNDA:0,extractImageFromUrl
FNDA:0,(anonymous_13)
FNDA:0,extractImageFromBase64
FNDA:12,extractScreenshotFromUrl
FNDA:0,(anonymous_16)
FNDA:12,(anonymous_17)
FNDA:12,(anonymous_18)
FNDA:2,(anonymous_19)
DA:1,1
DA:2,1
DA:3,1
DA:4,1
DA:8,1
DA:9,1
DA:14,1
DA:15,1
DA:28,1
DA:104,12
DA:105,12
DA:108,12
DA:109,12
DA:112,12
DA:115,0
DA:117,12
DA:119,0
DA:121,0
DA:123,0
DA:127,0
DA:132,0
DA:136,1
DA:137,0
DA:138,0
DA:141,0
DA:142,0
DA:149,0
DA:152,0
DA:153,0
DA:160,0
DA:164,0
DA:166,0
DA:167,0
DA:170,0
DA:171,0
DA:181,0
DA:186,0
DA:187,0
DA:188,0
DA:190,0
DA:191,0
DA:192,0
DA:194,0
DA:195,0
DA:196,0
DA:198,0
DA:199,0
DA:200,0
DA:202,0
DA:203,0
DA:204,0
DA:206,0
DA:207,0
DA:208,0
DA:210,0
DA:211,0
DA:212,0
DA:216,0
DA:217,0
DA:219,0
DA:224,0
DA:227,0
DA:246,0
DA:247,0
DA:255,1
DA:256,0
DA:257,0
DA:260,0
DA:261,0
DA:268,0
DA:269,0
DA:270,0
DA:271,0
DA:272,0
DA:275,0
DA:276,0
DA:284,0
DA:290,0
DA:291,0
DA:295,0
DA:297,0
DA:298,0
DA:301,0
DA:302,0
DA:312,0
DA:317,0
DA:318,0
DA:319,0
DA:321,0
DA:326,0
DA:327,0
DA:330,0
DA:349,0
DA:350,0
DA:358,1
DA:361,0
DA:362,0
DA:366,0
DA:367,0
DA:370,0
DA:371,0
DA:374,0
DA:388,0
DA:389,0
DA:402,0
DA:403,0
DA:405,0
DA:420,0
DA:422,0
DA:423,0
DA:426,0
DA:427,0
DA:437,0
DA:442,0
DA:443,0
DA:444,0
DA:446,0
DA:454,0
DA:457,0
DA:476,0
DA:477,0
DA:492,1
DA:496,12
DA:509,12
DA:512,12
DA:513,0
DA:525,12
DA:526,0
DA:527,0
DA:528,0
DA:530,0
DA:533,0
DA:534,0
DA:547,24
DA:548,12
DA:553,12
DA:556,12
DA:562,12
DA:565,12
DA:566,12
DA:570,12
DA:571,0
DA:572,0
DA:574,0
DA:581,12
DA:582,2
DA:583,2
DA:584,2
DA:587,2
DA:588,2
DA:591,0
DA:599,12
DA:604,12
DA:605,12
DA:611,12
DA:612,12
DA:614,12
DA:621,12
DA:623,12
DA:647,0
DA:648,0
DA:660,12
DA:661,12
LF:163
LH:47
BRDA:8,0,0,1
BRDA:8,0,1,1
BRDA:9,1,0,0
BRDA:9,1,1,1
BRDA:108,2,0,12
BRDA:112,3,0,0
BRDA:112,3,1,0
BRDA:112,3,2,12
BRDA:112,3,3,0
BRDA:112,3,4,0
BRDA:112,3,5,0
BRDA:112,3,6,0
BRDA:112,3,7,0
BRDA:141,4,0,0
BRDA:152,5,0,0
BRDA:164,6,0,0
BRDA:164,7,0,0
BRDA:164,7,1,0
BRDA:170,8,0,0
BRDA:170,9,0,0
BRDA:170,9,1,0
BRDA:190,10,0,0
BRDA:190,10,1,0
BRDA:194,11,0,0
BRDA:194,11,1,0
BRDA:194,12,0,0
BRDA:194,12,1,0
BRDA:198,13,0,0
BRDA:198,13,1,0
BRDA:202,14,0,0
BRDA:202,14,1,0
BRDA:206,15,0,0
BRDA:206,15,1,0
BRDA:210,16,0,0
BRDA:248,17,0,0
BRDA:248,17,1,0
BRDA:260,18,0,0
BRDA:260,19,0,0
BRDA:260,19,1,0
BRDA:268,20,0,0
BRDA:272,21,0,0
BRDA:272,21,1,0
BRDA:275,22,0,0
BRDA:295,23,0,0
BRDA:295,24,0,0
BRDA:295,24,1,0
BRDA:301,25,0,0
BRDA:301,26,0,0
BRDA:301,26,1,0
BRDA:318,27,0,0
BRDA:318,27,1,0
BRDA:327,28,0,0
BRDA:327,28,1,0
BRDA:351,29,0,0
BRDA:351,29,1,0
BRDA:370,30,0,0
BRDA:379,31,0,0
BRDA:379,31,1,0
BRDA:388,32,0,0
BRDA:410,33,0,0
BRDA:410,33,1,0
BRDA:420,34,0,0
BRDA:420,35,0,0
BRDA:420,35,1,0
BRDA:426,36,0,0
BRDA:426,37,0,0
BRDA:426,37,1,0
BRDA:443,38,0,0
BRDA:443,38,1,0
BRDA:443,38,2,0
BRDA:482,39,0,0
BRDA:482,39,1,0
BRDA:512,40,0,0
BRDA:512,41,0,12
BRDA:512,41,1,12
BRDA:525,42,0,0
BRDA:530,43,0,0
BRDA:530,43,1,0
BRDA:533,44,0,0
BRDA:565,45,0,12
BRDA:570,46,0,0
BRDA:581,47,0,2
BRDA:587,48,0,2
BRDA:631,49,0,12
BRDA:631,49,1,10
BRDA:653,50,0,0
BRDA:653,50,1,0
BRDA:660,51,0,12
BRF:88
BRH:13
end_of_record
